<?xml version="1.0" encoding="UTF-8"?>
<!-- Generated by org.testng.reporters.JUnitReportReporter -->
<testsuite skipped="0" hostname="LAPTOP-I3ABMITL" name="com.krish.rest_rest_assured_training.SamplePutRequest" tests="2" failures="0" timestamp="2022-03-26T13:41:55 CET" time="1.757" errors="0">
  <testcase name="deleteRequestExample" time="1.543" classname="com.krish.rest_rest_assured_training.SamplePutRequest"/>
  <system-out/>
  <testcase name="putRequestExample" time="0.214" classname="com.krish.rest_rest_assured_training.SamplePutRequest"/>
  <system-out/>
</testsuite> <!-- com.krish.rest_rest_assured_training.SamplePutRequest -->
