<?xml version="1.0" encoding="UTF-8"?>
<!-- Generated by org.testng.reporters.JUnitReportReporter -->
<testsuite skipped="0" hostname="LAPTOP-I3ABMITL" name="com.krish.rest_rest_assured_training.SampleGetRequest_02" tests="2" failures="0" timestamp="2022-03-26T10:06:55 CET" time="1.796" errors="0">
  <testcase name="getRequestExample2" time="0.242" classname="com.krish.rest_rest_assured_training.SampleGetRequest_02"/>
  <system-out/>
  <testcase name="getRequestExample1" time="1.554" classname="com.krish.rest_rest_assured_training.SampleGetRequest_02"/>
  <system-out/>
</testsuite> <!-- com.krish.rest_rest_assured_training.SampleGetRequest_02 -->
