<?xml version="1.0" encoding="UTF-8"?>
<!-- Generated by org.testng.reporters.JUnitReportReporter -->
<testsuite skipped="0" hostname="LAPTOP-I3ABMITL" name="com.krish.rest_rest_assured_training.SamplePostRequest" tests="1" failures="0" timestamp="2022-03-26T12:13:54 CET" time="1.960" errors="0">
  <testcase name="postRequestExample" time="1.960" classname="com.krish.rest_rest_assured_training.SamplePostRequest"/>
  <system-out/>
</testsuite> <!-- com.krish.rest_rest_assured_training.SamplePostRequest -->
